🚀 Starting anvil with mainnet fork using INFURA_KEY ...


                             _   _
                            (_) | |
      __ _   _ __   __   __  _  | |
     / _` | | '_ \  \ \ / / | | | |
    | (_| | | | | |  \ V /  | | | |
     \__,_| |_| |_|   \_/   |_| |_|

    1.2.3-nightly (05918765cb 2025-07-15T06:03:58.328308000Z)
    https://github.com/foundry-rs/foundry

Available Accounts
==================

(0) 0xf39Fd6e51aad88F6F4ce6aB8827279cffFb92266 (10000.000000000000000000 ETH)
(1) 0x70997970C51812dc3A010C7d01b50e0d17dc79C8 (10000.000000000000000000 ETH)
(2) 0x3C44CdDdB6a900fa2b585dd299e03d12FA4293BC (10000.000000000000000000 ETH)
(3) 0x90F79bf6EB2c4f870365E785982E1f101E93b906 (10000.000000000000000000 ETH)
(4) 0x15d34AAf54267DB7D7c367839AAf71A00a2C6A65 (10000.000000000000000000 ETH)
(5) 0x9965507D1a55bcC2695C58ba16FB37d819B0A4dc (10000.000000000000000000 ETH)
(6) 0x976EA74026E726554dB657fA54763abd0C3a0aa9 (10000.000000000000000000 ETH)
(7) 0x14dC79964da2C08b23698B3D3cc7Ca32193d9955 (10000.000000000000000000 ETH)
(8) 0x23618e81E3f5cdF7f54C3d65f7FBc0aBf5B21E8f (10000.000000000000000000 ETH)
(9) 0xa0Ee7A142d267C1f36714E4a8F75612F20a79720 (10000.000000000000000000 ETH)

Private Keys
==================

(0) 0xac0974bec39a17e36ba4a6b4d238ff944bacb478cbed5efcae784d7bf4f2ff80
(1) 0x59c6995e998f97a5a0044966f0945389dc9e86dae88c7a8412f4603b6b78690d
(2) 0x5de4111afa1a4b94908f83103eb1f1706367c2e68ca870fc3fb9a804cdab365a
(3) 0x7c852118294e51e653712a81e05800f419141751be58f605c371e15141b007a6
(4) 0x47e179ec197488593b187f80a00eb0da91f1b9d0b13f8733639f19c30a34926a
(5) 0x8b3a350cf5c34c9194ca85829a2df0ec3153be0318b5e2d3348e872092edffba
(6) 0x92db14e403b83dfe3df233f83dfa3a0d7096f21ca9b0d6d6b8d88b2b4ec1564e
(7) 0x4bbbf85ce3377467afe5d46f804f221813b2bb87f24d81f60f1fcdbf7cbf4356
(8) 0xdbda1821b80551c9d65939329250298aa3472ba22feea921c0cf5d620ea67b97
(9) 0x2a871d0798f97d79848a013d4936a73bf4cc922c825d33c1cf7073dff6d409c6

Wallet
==================
Mnemonic:          test test test test test test test test test test test junk
Derivation path:   m/44'/60'/0'/0/


Fork
==================
Endpoint:       https://eth.blockrazor.xyz
Block number:   23182721
Block hash:     0xbe4eb7d9ab682b492905c8dc5519cefe5080ec9ec2dd6638818127377309f142
Chain ID:       1

Base Fee
==================

984877678

Gas Limit
==================

44955497

Genesis Timestamp
==================

1755698107

Genesis Number
==================

0

Listening on 127.0.0.1:8545
eth_chainId
eth_getTransactionCount
eth_estimateGas
eth_feeHistory
eth_sendRawTransaction
eth_blockNumber

    Transaction: 0xe414299293a3dadc31f57034f0a2344a0b7efc425c60175acf055adb67ed4a4f
    Contract created: 0xd35c0F669e40cbE2646D5ACeB713FC70F9F95317
    Gas used: 544442

    Block Number: 23182722
    Block Hash: 0x5a8b45a25951cae43dc0b96351d53f7fdc8babaa924971bd9662cde1f64c687d
    Block Time: "Wed, 20 Aug 2025 13:55:15 +0000"

eth_getTransactionReceipt
eth_getBlockByNumber
eth_getTransactionReceipt
eth_chainId
eth_getTransactionCount
eth_feeHistory
eth_estimateGas
eth_sendRawTransaction

    Transaction: 0x2fe47be295bd24818c19dabc561ad425ac789a53d458a0ec22434f691c2455f1
    Gas used: 47538

    Block Number: 23182723
    Block Hash: 0x17a0c12172343bfd2bf00701421dbd0b7eacd08b4126f641917d018e51f04656
    Block Time: "Wed, 20 Aug 2025 13:55:15 +0000"

eth_blockNumber
eth_getBlockByNumber
eth_getTransactionReceipt
eth_chainId
eth_getTransactionCount
eth_estimateGas
eth_feeHistory
eth_sendRawTransaction
eth_blockNumber

    Transaction: 0xf7ae2ff54e7873b991aa0d4efffd282eb5ccc8a7277f97b77e5d6aadfc6ef55c
    Contract created: 0x6E0D1a311Db4525e0953A751EA32E810c6E464C8
    Gas used: 1040087

    Block Number: 23182724
    Block Hash: 0x03c0c62c5ea00625ba32292865b7e3b91be4c1b9eb53654d4dce2d7d28d9c614
    Block Time: "Wed, 20 Aug 2025 13:55:16 +0000"

eth_getTransactionReceipt
eth_getBlockByNumber
eth_getTransactionReceipt
eth_chainId
eth_getTransactionCount
eth_estimateGas
eth_feeHistory
eth_sendRawTransaction

    Transaction: 0x85f37b954be8e5b079329738cf24de74edd97478dff59ccb29402253b78c2037
    Contract created: 0x8DEEA1fa66479bc345C24e0157727d9F12287b80
    Gas used: 2479867

    Block Number: 23182725
    Block Hash: 0x1be3c389a0649061baf9885eda4a28fab9f9c2d378d63b77da043330e614788b
    Block Time: "Wed, 20 Aug 2025 13:55:17 +0000"

eth_blockNumber
eth_getBlockByNumber
eth_getTransactionReceipt
eth_getTransactionReceipt
eth_chainId
eth_getTransactionCount
eth_estimateGas
eth_feeHistory
eth_sendRawTransaction

    Transaction: 0xd4ff09335cd9b703827a5a18e6b69814dde66368514b18e2ffe2f650cd5ae01d
    Contract created: 0xf1b7eC5DaBFf1282a12b131dd96199191D662483
    Gas used: 1464404

    Block Number: 23182726
    Block Hash: 0x50f0f6df5d6ce476e957bf87f2193833e7e8681d117223762c1b4fe4523469f7
    Block Time: "Wed, 20 Aug 2025 13:55:18 +0000"

eth_blockNumber
eth_getBlockByNumber
eth_getTransactionReceipt
eth_getTransactionReceipt
anvil_impersonateAccount
eth_chainId
eth_getTransactionCount
eth_feeHistory
eth_estimateGas
eth_sendTransaction
eth_blockNumber
eth_getTransactionReceipt
eth_getBlockByNumber

    Transaction: 0x3b2fcb380b405258fd9d6e0f9c0cb44618d162fb82979a0b45506053712b6741
    Gas used: 62260

    Block Number: 23182727
    Block Hash: 0xe131f1aa893ca0b7a39ce994eed9b2e879608758a0e2c5693b16e71ef5ef8179
    Block Time: "Wed, 20 Aug 2025 13:55:20 +0000"

eth_getTransactionReceipt
eth_getTransactionReceipt
eth_chainId
eth_getTransactionCount
eth_feeHistory
eth_estimateGas
eth_sendTransaction
eth_blockNumber

    Transaction: 0x2d34a47a780f990969c7045c0f9912732b17c174286c572e6480726bb7f52c16
    Gas used: 62248

    Block Number: 23182728
    Block Hash: 0x61f44fcaccc87b65593b8f9304c403893426b35b0cc728871416d9c848b574c6
    Block Time: "Wed, 20 Aug 2025 13:55:21 +0000"

eth_getTransactionReceipt
eth_chainId
eth_getTransactionCount
eth_feeHistory
eth_estimateGas
eth_sendTransaction
eth_blockNumber

    Transaction: 0x33de896166cf9e2d64738e13d2f4436dc87562377961061e1fb7ba2d1da3bf30
    Gas used: 62260

    Block Number: 23182729
    Block Hash: 0xf5ccff6595903fa5c743e8f61c59ddffb948406cc504b1db9d2b4e6017eece1b
    Block Time: "Wed, 20 Aug 2025 13:55:21 +0000"

eth_getTransactionReceipt
eth_getBlockByNumber
anvil_stopImpersonatingAccount
eth_chainId
eth_getTransactionCount
eth_feeHistory
eth_estimateGas
eth_sendRawTransaction

    Transaction: 0xfefa01473ba3f23dbafbb19f22d92e4d2d2183ef3c1e2be56ce4f12606b28aca
    Gas used: 48062

    Block Number: 23182730
    Block Hash: 0xbfc058a31a25f6736b151ce7e2c7752adf32befe54ec3e793aee8d93ab2d556e
    Block Time: "Wed, 20 Aug 2025 13:55:21 +0000"

eth_blockNumber
eth_getTransactionReceipt
eth_getBlockByNumber
eth_getBlockByNumber
eth_chainId
eth_call
eth_getTransactionCount
eth_feeHistory
eth_estimateGas
eth_sendRawTransaction

    Transaction: 0x611be042e5eee508e2406ff718978bef6469262f3bb386b93669aecf0ec8d897
    Gas used: 256544

    Block Number: 23182731
    Block Hash: 0x640fa77889fdce3ac9cabf9564d9d5dd6da7878ccd90a0bb831eb2e0aed9ec61
    Block Time: "Wed, 20 Aug 2025 13:55:23 +0000"

eth_blockNumber
eth_getTransactionReceipt
eth_getBlockByNumber
eth_chainId
eth_getTransactionCount
eth_feeHistory
eth_estimateGas
eth_sendRawTransaction

    Transaction: 0x61c78027f49aa6f2dad4640e139f74ac4e9fe7d11062001b83f3d70a81ff3f4c
    Gas used: 431560

    Block Number: 23182732
    Block Hash: 0xa03859ac43abe59a7dff962035f732838e659e9b57f6c8997e475676180042e3
    Block Time: "Wed, 20 Aug 2025 13:55:23 +0000"

eth_blockNumber
eth_getBlockByNumber
eth_getTransactionReceipt
eth_chainId
eth_getTransactionCount
eth_call
eth_chainId
eth_getTransactionCount
eth_feeHistory
eth_estimateGas
eth_sendRawTransaction

    Transaction: 0xe4cdad4edcbfa9c1a747c57e55282273fe1ea2e4d400fd1a0d65eb10d8a6356d
    Gas used: 81339

    Block Number: 23182733
    Block Hash: 0x290494ae22af5683b15b8c351c55306e463a9d5465b3ea9f992af666fdf89898
    Block Time: "Wed, 20 Aug 2025 13:55:23 +0000"

eth_blockNumber
eth_getTransactionReceipt
eth_getBlockByNumber
eth_chainId
eth_getTransactionCount
eth_call
eth_chainId
eth_getTransactionCount
eth_call
eth_chainId
eth_getTransactionCount
eth_call
eth_chainId
eth_getTransactionCount
eth_call
eth_chainId
eth_getTransactionCount
eth_call
eth_chainId
eth_getTransactionCount
eth_call
eth_chainId
eth_getTransactionCount
eth_feeHistory
eth_estimateGas
eth_sendRawTransaction

    Transaction: 0x302e6c62bcfcda5dd23e11453ace2d2bd6eab91b86d8e487173cd532d8e85a28
    Gas used: 47538

    Block Number: 23182734
    Block Hash: 0x9ceb5ec990a80235bf54b63d703d6b5cedec6d7569447b93626871612d2df970
    Block Time: "Wed, 20 Aug 2025 13:55:25 +0000"

eth_blockNumber
eth_getBlockByNumber
eth_getTransactionReceipt
eth_chainId
eth_getTransactionCount
eth_feeHistory
eth_estimateGas
eth_sendRawTransaction

    Transaction: 0xf0ee6e3e1aa8647c6c7355d463797424d3e5feb1c15e7a2145747ccde8159ebf
    Gas used: 47526

    Block Number: 23182735
    Block Hash: 0x1ca9beb8120607549fcf2905b08c513fe86c088d76e5805b384fc1c59e22e8e8
    Block Time: "Wed, 20 Aug 2025 13:55:25 +0000"

eth_blockNumber
eth_getBlockByNumber
eth_getTransactionReceipt
eth_chainId
eth_getTransactionCount
eth_call
eth_chainId
eth_getTransactionCount
eth_call
eth_chainId
eth_getTransactionCount
eth_feeHistory
eth_estimateGas
eth_sendRawTransaction

    Transaction: 0x06e222324dbfaffbdd7e1a979fc0135cb0dc80f864e130ec1b346556d39d6b7d
    Gas used: 55558

    Block Number: 23182736
    Block Hash: 0x314832b378d88e9a9551a60faeb2f8e5e7572e6f3d2fc4d720a2b077c0f03503
    Block Time: "Wed, 20 Aug 2025 13:55:26 +0000"

eth_blockNumber
eth_getTransactionReceipt
eth_getBlockByNumber
eth_chainId
eth_getTransactionCount
eth_feeHistory
eth_estimateGas
eth_sendRawTransaction

    Transaction: 0xd944bf808db6ec33985ba1c1616d411fd7f85821b714d389ab37c84982fc7f65
    Gas used: 157906

    Block Number: 23182737
    Block Hash: 0xb1a3938c27259c217c40a49894dd543ea97a0a87dcface7d2c1e6842ed1f1370
    Block Time: "Wed, 20 Aug 2025 13:55:26 +0000"

eth_blockNumber
eth_getTransactionReceipt
eth_getBlockByNumber
eth_chainId
eth_getTransactionCount
eth_call
eth_chainId
eth_getTransactionCount
eth_call
evm_increaseTime
evm_mine

    Block Number: 23182738
    Block Hash: 0x817b8cc19c1ff59aa341ed3828723f4dfa510f960d020e7a91e8e1531ddbfdb3
    Block Time: "Wed, 20 Aug 2025 14:55:27 +0000"

eth_chainId
eth_getTransactionCount
eth_call
eth_chainId
eth_getTransactionCount
eth_feeHistory
eth_estimateGas
eth_sendRawTransaction
eth_blockNumber
eth_getBlockByNumber
eth_getTransactionReceipt

    Transaction: 0x83c68a0f8d5cd37c2c6beb077002d982cade8f76586530a22d4efd25cccbfe4a
    Gas used: 91775

    Block Number: 23182739
    Block Hash: 0xa2b3ca4ea95be822752b1a1e7e8f1e36cf988bf65db096f5d7fe21f0994f295f
    Block Time: "Wed, 20 Aug 2025 14:55:28 +0000"

eth_blockNumber
eth_getBlockByNumber
eth_getTransactionReceipt
eth_getTransactionReceipt
eth_chainId
eth_getTransactionCount
eth_call
eth_chainId
eth_getTransactionCount
eth_call
eth_chainId
eth_getTransactionCount
eth_call
eth_chainId
eth_getTransactionCount
eth_feeHistory
eth_estimateGas
eth_blockNumber
eth_sendRawTransaction
eth_getBlockByNumber

    Transaction: 0x44a82f8d37acf6007ec376e0bf35c3c4f722e6cefb7184d8ae4b05528bb82476
    Gas used: 55558

    Block Number: 23182740
    Block Hash: 0xe92f1cc523223da50abb29f03a45870e545c3982f80780ddc4014decdd76c6dc
    Block Time: "Wed, 20 Aug 2025 14:55:30 +0000"

eth_getTransactionReceipt
eth_chainId
eth_getTransactionCount
eth_feeHistory
eth_estimateGas
eth_sendRawTransaction

    Transaction: 0x7df779bab34ea395cc7fa33e31916b0cd1ba42f11cf3716d73a073bfc16ca502
    Gas used: 157912

    Block Number: 23182741
    Block Hash: 0x8a8e90aec472067bc6ca1a54989e281b0aec58a0fd219d1f63a0f5b52be7543f
    Block Time: "Wed, 20 Aug 2025 14:55:30 +0000"

eth_blockNumber
eth_getBlockByNumber
eth_getTransactionReceipt
eth_chainId
eth_getTransactionCount
eth_call
